<?xml version="1.0" encoding="UTF-8"?>
<!-- Generated by org.testng.reporters.JUnitReportReporter -->
<testsuite hostname="DESKTOP-4A6VTUP" failures="0" tests="3" name="tpack.OtherAnnotations" time="0.015" errors="0" timestamp="2022-02-26T10:40:14 IST" skipped="0">
  <testcase classname="tpack.OtherAnnotations" name="testRegisterPage" time="0.006"/>
  <system-out/>
  <testcase classname="tpack.OtherAnnotations" name="testLogInPage" time="0.008"/>
  <system-out/>
  <testcase classname="tpack.OtherAnnotations" name="testHomePage" time="0.001"/>
  <system-out/>
</testsuite> <!-- tpack.OtherAnnotations -->
