<?xml version="1.0" encoding="UTF-8"?>
<!-- Generated by org.testng.reporters.JUnitReportReporter -->
<testsuite hostname="DESKTOP-4A6VTUP" failures="0" tests="1" name="opack.TestTwo" time="0.008" errors="0" timestamp="2022-02-26T10:33:09 IST" skipped="0">
  <testcase classname="opack.TestTwo" name="test2" time="0.008"/>
  <system-out/>
</testsuite> <!-- opack.TestTwo -->
