<?xml version="1.0" encoding="UTF-8"?>
<!-- Generated by org.testng.reporters.JUnitReportReporter -->
<testsuite hostname="DESKTOP-4A6VTUP" failures="0" tests="3" name="tpack.SequenceInTestNG" time="0.012" errors="0" timestamp="2022-02-25T19:53:42 IST" skipped="0">
  <testcase classname="tpack.SequenceInTestNG" name="RegisterPage" time="0.008"/>
  <system-out/>
  <testcase classname="tpack.SequenceInTestNG" name="HomePage" time="0.002"/>
  <system-out/>
  <testcase classname="tpack.SequenceInTestNG" name="LogInPage" time="0.002"/>
  <system-out/>
</testsuite> <!-- tpack.SequenceInTestNG -->
