<?xml version="1.0" encoding="UTF-8"?>
<!-- Generated by org.testng.reporters.JUnitReportReporter -->
<testsuite hostname="DESKTOP-4A6VTUP" failures="0" tests="1" name="kpack.TestThree" time="0.001" errors="0" timestamp="2022-02-26T10:33:09 IST" skipped="0">
  <testcase classname="kpack.TestThree" name="test3" time="0.001"/>
  <system-out/>
</testsuite> <!-- kpack.TestThree -->
